
41. Printing statistics.

=== timer_unit ===

   Number of wires:                147
   Number of wire bits:            685
   Number of public wires:          53
   Number of public wire bits:     436
   Number of ports:                 19
   Number of port bits:            123
   Number of memories:               0
   Number of memory bits:            0
   Number of processes:              0
   Number of cells:                138
     $adff                          10
     $adffe                          6
     $and                           15
     $eq                            15
     $logic_and                     22
     $logic_not                      2
     $mux                           32
     $ne                             2
     $not                            8
     $or                            13
     $pmux                           1
     $reduce_and                     6
     $reduce_bool                    2
     timer_unit_counter$timer_unit.counter_hi_i      1
     timer_unit_counter$timer_unit.counter_lo_i      1
     timer_unit_counter_presc$timer_unit.prescaler_hi_i      1
     timer_unit_counter_presc$timer_unit.prescaler_lo_i      1

   Estimated number of transistors:          0+

=== timer_unit_counter$timer_unit.counter_hi_i ===

   Number of wires:                 14
   Number of wire bits:            231
   Number of public wires:          10
   Number of public wire bits:     134
   Number of ports:                  9
   Number of port bits:            102
   Number of memories:               0
   Number of memory bits:            0
   Number of processes:              0
   Number of cells:                  7
     $add                            1
     $adff                           2
     $eq                             1
     $mux                            3

   Estimated number of transistors:          0+

=== timer_unit_counter$timer_unit.counter_lo_i ===

   Number of wires:                 14
   Number of wire bits:            231
   Number of public wires:          10
   Number of public wire bits:     134
   Number of ports:                  9
   Number of port bits:            102
   Number of memories:               0
   Number of memory bits:            0
   Number of processes:              0
   Number of cells:                  7
     $add                            1
     $adff                           2
     $eq                             1
     $mux                            3

   Estimated number of transistors:          0+

=== timer_unit_counter_presc$timer_unit.prescaler_hi_i ===

   Number of wires:                 15
   Number of wire bits:            232
   Number of public wires:          10
   Number of public wire bits:     134
   Number of ports:                  9
   Number of port bits:            102
   Number of memories:               0
   Number of memory bits:            0
   Number of processes:              0
   Number of cells:                  8
     $add                            1
     $adff                           2
     $eq                             1
     $logic_or                       1
     $mux                            3

   Estimated number of transistors:          0+

=== timer_unit_counter_presc$timer_unit.prescaler_lo_i ===

   Number of wires:                 15
   Number of wire bits:            232
   Number of public wires:          10
   Number of public wire bits:     134
   Number of ports:                  9
   Number of port bits:            102
   Number of memories:               0
   Number of memory bits:            0
   Number of processes:              0
   Number of cells:                  8
     $add                            1
     $adff                           2
     $eq                             1
     $logic_or                       1
     $mux                            3

   Estimated number of transistors:          0+

=== design hierarchy ===

   timer_unit                        1
     timer_unit_counter$timer_unit.counter_hi_i      1
     timer_unit_counter$timer_unit.counter_lo_i      1
     timer_unit_counter_presc$timer_unit.prescaler_hi_i      1
     timer_unit_counter_presc$timer_unit.prescaler_lo_i      1

   Number of wires:                205
   Number of wire bits:           1611
   Number of public wires:          93
   Number of public wire bits:     972
   Number of ports:                 55
   Number of port bits:            531
   Number of memories:               0
   Number of memory bits:            0
   Number of processes:              0
   Number of cells:                164
     $add                            4
     $adff                          18
     $adffe                          6
     $and                           15
     $eq                            19
     $logic_and                     22
     $logic_not                      2
     $logic_or                       2
     $mux                           44
     $ne                             2
     $not                            8
     $or                            13
     $pmux                           1
     $reduce_and                     6
     $reduce_bool                    2

   Estimated number of transistors:          0+

