56. Printing statistics.

=== dm_top ===

   Number of wires:               5838
   Number of wire bits:           5838
   Number of public wires:        1089
   Number of public wire bits:    1089
   Number of ports:                360
   Number of port bits:            360
   Number of memories:               0
   Number of memory bits:            0
   Number of processes:              0
   Number of cells:               4959
     $scopeinfo                      5
     sg13g2_a21o_1                  70
     sg13g2_a21oi_1                365
     sg13g2_a21oi_2                  5
     sg13g2_a221oi_1                70
     sg13g2_a22oi_1                153
     sg13g2_and2_1                 156
     sg13g2_and3_1                  14
     sg13g2_and4_1                   4
     sg13g2_buf_1                  395
     sg13g2_buf_2                   37
     sg13g2_buf_4                    1
     sg13g2_buf_8                   10
     sg13g2_dfrbp_1                665
     sg13g2_inv_1                  237
     sg13g2_mux2_1                 261
     sg13g2_mux4_1                 133
     sg13g2_nand2_1                591
     sg13g2_nand2_2                  1
     sg13g2_nand2b_1                55
     sg13g2_nand3_1                340
     sg13g2_nand3b_1                 7
     sg13g2_nand4_1                 29
     sg13g2_nor2_1                 297
     sg13g2_nor2_2                   4
     sg13g2_nor2b_1                 93
     sg13g2_nor2b_2                  2
     sg13g2_nor3_1                 116
     sg13g2_nor4_1                  21
     sg13g2_nor4_2                   3
     sg13g2_o21ai_1                751
     sg13g2_or2_1                   25
     sg13g2_or3_1                    4
     sg13g2_or4_1                    4
     sg13g2_xnor2_1                 11
     sg13g2_xor2_1                  24

   Area for cell type $scopeinfo is unknown!

   Chip area for module '\dm_top': 74876.319000
     of which used for sequential elements: 31370.976000 (41.90%)

