Warning: There are 157 input ports missing set_input_delay.
  boot_addr_i_0_
  boot_addr_i_10_
  boot_addr_i_11_
  boot_addr_i_12_
  boot_addr_i_13_
  boot_addr_i_14_
  boot_addr_i_15_
  boot_addr_i_16_
  boot_addr_i_17_
  boot_addr_i_18_
  boot_addr_i_19_
  boot_addr_i_1_
  boot_addr_i_20_
  boot_addr_i_21_
  boot_addr_i_22_
  boot_addr_i_23_
  boot_addr_i_24_
  boot_addr_i_25_
  boot_addr_i_26_
  boot_addr_i_27_
  boot_addr_i_28_
  boot_addr_i_29_
  boot_addr_i_2_
  boot_addr_i_30_
  boot_addr_i_31_
  boot_addr_i_3_
  boot_addr_i_4_
  boot_addr_i_5_
  boot_addr_i_6_
  boot_addr_i_7_
  boot_addr_i_8_
  boot_addr_i_9_
  data_err_i
  data_gnt_i
  data_rdata_i_0_
  data_rdata_i_10_
  data_rdata_i_11_
  data_rdata_i_12_
  data_rdata_i_13_
  data_rdata_i_14_
  data_rdata_i_15_
  data_rdata_i_16_
  data_rdata_i_17_
  data_rdata_i_18_
  data_rdata_i_19_
  data_rdata_i_1_
  data_rdata_i_20_
  data_rdata_i_21_
  data_rdata_i_22_
  data_rdata_i_23_
  data_rdata_i_24_
  data_rdata_i_25_
  data_rdata_i_26_
  data_rdata_i_27_
  data_rdata_i_28_
  data_rdata_i_29_
  data_rdata_i_2_
  data_rdata_i_30_
  data_rdata_i_31_
  data_rdata_i_3_
  data_rdata_i_4_
  data_rdata_i_5_
  data_rdata_i_6_
  data_rdata_i_7_
  data_rdata_i_8_
  data_rdata_i_9_
  data_rvalid_i
  debug_req_i
  fetch_enable_i
  hart_id_i_0_
  hart_id_i_10_
  hart_id_i_11_
  hart_id_i_12_
  hart_id_i_13_
  hart_id_i_14_
  hart_id_i_15_
  hart_id_i_16_
  hart_id_i_17_
  hart_id_i_18_
  hart_id_i_19_
  hart_id_i_1_
  hart_id_i_20_
  hart_id_i_21_
  hart_id_i_22_
  hart_id_i_23_
  hart_id_i_24_
  hart_id_i_25_
  hart_id_i_26_
  hart_id_i_27_
  hart_id_i_28_
  hart_id_i_29_
  hart_id_i_2_
  hart_id_i_30_
  hart_id_i_31_
  hart_id_i_3_
  hart_id_i_4_
  hart_id_i_5_
  hart_id_i_6_
  hart_id_i_7_
  hart_id_i_8_
  hart_id_i_9_
  instr_err_i
  instr_gnt_i
  instr_rdata_i_0_
  instr_rdata_i_10_
  instr_rdata_i_11_
  instr_rdata_i_12_
  instr_rdata_i_13_
  instr_rdata_i_14_
  instr_rdata_i_15_
  instr_rdata_i_16_
  instr_rdata_i_17_
  instr_rdata_i_18_
  instr_rdata_i_19_
  instr_rdata_i_1_
  instr_rdata_i_20_
  instr_rdata_i_21_
  instr_rdata_i_22_
  instr_rdata_i_23_
  instr_rdata_i_24_
  instr_rdata_i_25_
  instr_rdata_i_26_
  instr_rdata_i_27_
  instr_rdata_i_28_
  instr_rdata_i_29_
  instr_rdata_i_2_
  instr_rdata_i_30_
  instr_rdata_i_31_
  instr_rdata_i_3_
  instr_rdata_i_4_
  instr_rdata_i_5_
  instr_rdata_i_6_
  instr_rdata_i_7_
  instr_rdata_i_8_
  instr_rdata_i_9_
  instr_rvalid_i
  irq_external_i
  irq_fast_i_0_
  irq_fast_i_10_
  irq_fast_i_11_
  irq_fast_i_12_
  irq_fast_i_13_
  irq_fast_i_14_
  irq_fast_i_15_
  irq_fast_i_1_
  irq_fast_i_2_
  irq_fast_i_3_
  irq_fast_i_4_
  irq_fast_i_5_
  irq_fast_i_6_
  irq_fast_i_7_
  irq_fast_i_8_
  irq_fast_i_9_
  irq_nm_i
  irq_software_i
  irq_timer_i
  test_en_i
Warning: There are 228 output ports missing set_output_delay.
  core_busy_o
  crash_dump_o_0_
  crash_dump_o_100_
  crash_dump_o_101_
  crash_dump_o_102_
  crash_dump_o_103_
  crash_dump_o_104_
  crash_dump_o_105_
  crash_dump_o_106_
  crash_dump_o_107_
  crash_dump_o_108_
  crash_dump_o_109_
  crash_dump_o_10_
  crash_dump_o_110_
  crash_dump_o_111_
  crash_dump_o_112_
  crash_dump_o_113_
  crash_dump_o_114_
  crash_dump_o_115_
  crash_dump_o_116_
  crash_dump_o_117_
  crash_dump_o_118_
  crash_dump_o_119_
  crash_dump_o_11_
  crash_dump_o_120_
  crash_dump_o_121_
  crash_dump_o_122_
  crash_dump_o_123_
  crash_dump_o_124_
  crash_dump_o_125_
  crash_dump_o_126_
  crash_dump_o_127_
  crash_dump_o_12_
  crash_dump_o_13_
  crash_dump_o_14_
  crash_dump_o_15_
  crash_dump_o_16_
  crash_dump_o_17_
  crash_dump_o_18_
  crash_dump_o_19_
  crash_dump_o_1_
  crash_dump_o_20_
  crash_dump_o_21_
  crash_dump_o_22_
  crash_dump_o_23_
  crash_dump_o_24_
  crash_dump_o_25_
  crash_dump_o_26_
  crash_dump_o_27_
  crash_dump_o_28_
  crash_dump_o_29_
  crash_dump_o_2_
  crash_dump_o_30_
  crash_dump_o_31_
  crash_dump_o_32_
  crash_dump_o_33_
  crash_dump_o_34_
  crash_dump_o_35_
  crash_dump_o_36_
  crash_dump_o_37_
  crash_dump_o_38_
  crash_dump_o_39_
  crash_dump_o_3_
  crash_dump_o_40_
  crash_dump_o_41_
  crash_dump_o_42_
  crash_dump_o_43_
  crash_dump_o_44_
  crash_dump_o_45_
  crash_dump_o_46_
  crash_dump_o_47_
  crash_dump_o_48_
  crash_dump_o_49_
  crash_dump_o_4_
  crash_dump_o_50_
  crash_dump_o_51_
  crash_dump_o_52_
  crash_dump_o_53_
  crash_dump_o_54_
  crash_dump_o_55_
  crash_dump_o_56_
  crash_dump_o_57_
  crash_dump_o_58_
  crash_dump_o_59_
  crash_dump_o_5_
  crash_dump_o_60_
  crash_dump_o_61_
  crash_dump_o_62_
  crash_dump_o_63_
  crash_dump_o_65_
  crash_dump_o_66_
  crash_dump_o_67_
  crash_dump_o_68_
  crash_dump_o_69_
  crash_dump_o_6_
  crash_dump_o_70_
  crash_dump_o_71_
  crash_dump_o_72_
  crash_dump_o_73_
  crash_dump_o_74_
  crash_dump_o_75_
  crash_dump_o_76_
  crash_dump_o_77_
  crash_dump_o_78_
  crash_dump_o_79_
  crash_dump_o_7_
  crash_dump_o_80_
  crash_dump_o_81_
  crash_dump_o_82_
  crash_dump_o_83_
  crash_dump_o_84_
  crash_dump_o_85_
  crash_dump_o_86_
  crash_dump_o_87_
  crash_dump_o_88_
  crash_dump_o_89_
  crash_dump_o_8_
  crash_dump_o_90_
  crash_dump_o_91_
  crash_dump_o_92_
  crash_dump_o_93_
  crash_dump_o_94_
  crash_dump_o_95_
  crash_dump_o_96_
  crash_dump_o_97_
  crash_dump_o_98_
  crash_dump_o_99_
  crash_dump_o_9_
  data_addr_o_10_
  data_addr_o_11_
  data_addr_o_12_
  data_addr_o_13_
  data_addr_o_14_
  data_addr_o_15_
  data_addr_o_16_
  data_addr_o_17_
  data_addr_o_18_
  data_addr_o_19_
  data_addr_o_20_
  data_addr_o_21_
  data_addr_o_22_
  data_addr_o_23_
  data_addr_o_24_
  data_addr_o_25_
  data_addr_o_26_
  data_addr_o_27_
  data_addr_o_28_
  data_addr_o_29_
  data_addr_o_2_
  data_addr_o_30_
  data_addr_o_31_
  data_addr_o_3_
  data_addr_o_4_
  data_addr_o_5_
  data_addr_o_6_
  data_addr_o_7_
  data_addr_o_8_
  data_addr_o_9_
  data_be_o_0_
  data_be_o_1_
  data_be_o_2_
  data_be_o_3_
  data_req_o
  data_wdata_o_0_
  data_wdata_o_10_
  data_wdata_o_11_
  data_wdata_o_12_
  data_wdata_o_13_
  data_wdata_o_14_
  data_wdata_o_15_
  data_wdata_o_16_
  data_wdata_o_17_
  data_wdata_o_18_
  data_wdata_o_19_
  data_wdata_o_1_
  data_wdata_o_20_
  data_wdata_o_21_
  data_wdata_o_22_
  data_wdata_o_23_
  data_wdata_o_24_
  data_wdata_o_25_
  data_wdata_o_26_
  data_wdata_o_27_
  data_wdata_o_28_
  data_wdata_o_29_
  data_wdata_o_2_
  data_wdata_o_30_
  data_wdata_o_31_
  data_wdata_o_3_
  data_wdata_o_4_
  data_wdata_o_5_
  data_wdata_o_6_
  data_wdata_o_7_
  data_wdata_o_8_
  data_wdata_o_9_
  data_we_o
  instr_addr_o_10_
  instr_addr_o_11_
  instr_addr_o_12_
  instr_addr_o_13_
  instr_addr_o_14_
  instr_addr_o_15_
  instr_addr_o_16_
  instr_addr_o_17_
  instr_addr_o_18_
  instr_addr_o_19_
  instr_addr_o_20_
  instr_addr_o_21_
  instr_addr_o_22_
  instr_addr_o_23_
  instr_addr_o_24_
  instr_addr_o_25_
  instr_addr_o_26_
  instr_addr_o_27_
  instr_addr_o_28_
  instr_addr_o_29_
  instr_addr_o_2_
  instr_addr_o_30_
  instr_addr_o_31_
  instr_addr_o_3_
  instr_addr_o_4_
  instr_addr_o_5_
  instr_addr_o_6_
  instr_addr_o_7_
  instr_addr_o_8_
  instr_addr_o_9_
  instr_req_o
  irq_pending_o
Warning: There are 233 unconstrained endpoints.
  core_busy_o
  crash_dump_o_0_
  crash_dump_o_100_
  crash_dump_o_101_
  crash_dump_o_102_
  crash_dump_o_103_
  crash_dump_o_104_
  crash_dump_o_105_
  crash_dump_o_106_
  crash_dump_o_107_
  crash_dump_o_108_
  crash_dump_o_109_
  crash_dump_o_10_
  crash_dump_o_110_
  crash_dump_o_111_
  crash_dump_o_112_
  crash_dump_o_113_
  crash_dump_o_114_
  crash_dump_o_115_
  crash_dump_o_116_
  crash_dump_o_117_
  crash_dump_o_118_
  crash_dump_o_119_
  crash_dump_o_11_
  crash_dump_o_120_
  crash_dump_o_121_
  crash_dump_o_122_
  crash_dump_o_123_
  crash_dump_o_124_
  crash_dump_o_125_
  crash_dump_o_126_
  crash_dump_o_127_
  crash_dump_o_12_
  crash_dump_o_13_
  crash_dump_o_14_
  crash_dump_o_15_
  crash_dump_o_16_
  crash_dump_o_17_
  crash_dump_o_18_
  crash_dump_o_19_
  crash_dump_o_1_
  crash_dump_o_20_
  crash_dump_o_21_
  crash_dump_o_22_
  crash_dump_o_23_
  crash_dump_o_24_
  crash_dump_o_25_
  crash_dump_o_26_
  crash_dump_o_27_
  crash_dump_o_28_
  crash_dump_o_29_
  crash_dump_o_2_
  crash_dump_o_30_
  crash_dump_o_31_
  crash_dump_o_32_
  crash_dump_o_33_
  crash_dump_o_34_
  crash_dump_o_35_
  crash_dump_o_36_
  crash_dump_o_37_
  crash_dump_o_38_
  crash_dump_o_39_
  crash_dump_o_3_
  crash_dump_o_40_
  crash_dump_o_41_
  crash_dump_o_42_
  crash_dump_o_43_
  crash_dump_o_44_
  crash_dump_o_45_
  crash_dump_o_46_
  crash_dump_o_47_
  crash_dump_o_48_
  crash_dump_o_49_
  crash_dump_o_4_
  crash_dump_o_50_
  crash_dump_o_51_
  crash_dump_o_52_
  crash_dump_o_53_
  crash_dump_o_54_
  crash_dump_o_55_
  crash_dump_o_56_
  crash_dump_o_57_
  crash_dump_o_58_
  crash_dump_o_59_
  crash_dump_o_5_
  crash_dump_o_60_
  crash_dump_o_61_
  crash_dump_o_62_
  crash_dump_o_63_
  crash_dump_o_64_
  crash_dump_o_65_
  crash_dump_o_66_
  crash_dump_o_67_
  crash_dump_o_68_
  crash_dump_o_69_
  crash_dump_o_6_
  crash_dump_o_70_
  crash_dump_o_71_
  crash_dump_o_72_
  crash_dump_o_73_
  crash_dump_o_74_
  crash_dump_o_75_
  crash_dump_o_76_
  crash_dump_o_77_
  crash_dump_o_78_
  crash_dump_o_79_
  crash_dump_o_7_
  crash_dump_o_80_
  crash_dump_o_81_
  crash_dump_o_82_
  crash_dump_o_83_
  crash_dump_o_84_
  crash_dump_o_85_
  crash_dump_o_86_
  crash_dump_o_87_
  crash_dump_o_88_
  crash_dump_o_89_
  crash_dump_o_8_
  crash_dump_o_90_
  crash_dump_o_91_
  crash_dump_o_92_
  crash_dump_o_93_
  crash_dump_o_94_
  crash_dump_o_95_
  crash_dump_o_96_
  crash_dump_o_97_
  crash_dump_o_98_
  crash_dump_o_99_
  crash_dump_o_9_
  data_addr_o_0_
  data_addr_o_10_
  data_addr_o_11_
  data_addr_o_12_
  data_addr_o_13_
  data_addr_o_14_
  data_addr_o_15_
  data_addr_o_16_
  data_addr_o_17_
  data_addr_o_18_
  data_addr_o_19_
  data_addr_o_1_
  data_addr_o_20_
  data_addr_o_21_
  data_addr_o_22_
  data_addr_o_23_
  data_addr_o_24_
  data_addr_o_25_
  data_addr_o_26_
  data_addr_o_27_
  data_addr_o_28_
  data_addr_o_29_
  data_addr_o_2_
  data_addr_o_30_
  data_addr_o_31_
  data_addr_o_3_
  data_addr_o_4_
  data_addr_o_5_
  data_addr_o_6_
  data_addr_o_7_
  data_addr_o_8_
  data_addr_o_9_
  data_be_o_0_
  data_be_o_1_
  data_be_o_2_
  data_be_o_3_
  data_req_o
  data_wdata_o_0_
  data_wdata_o_10_
  data_wdata_o_11_
  data_wdata_o_12_
  data_wdata_o_13_
  data_wdata_o_14_
  data_wdata_o_15_
  data_wdata_o_16_
  data_wdata_o_17_
  data_wdata_o_18_
  data_wdata_o_19_
  data_wdata_o_1_
  data_wdata_o_20_
  data_wdata_o_21_
  data_wdata_o_22_
  data_wdata_o_23_
  data_wdata_o_24_
  data_wdata_o_25_
  data_wdata_o_26_
  data_wdata_o_27_
  data_wdata_o_28_
  data_wdata_o_29_
  data_wdata_o_2_
  data_wdata_o_30_
  data_wdata_o_31_
  data_wdata_o_3_
  data_wdata_o_4_
  data_wdata_o_5_
  data_wdata_o_6_
  data_wdata_o_7_
  data_wdata_o_8_
  data_wdata_o_9_
  data_we_o
  instr_addr_o_0_
  instr_addr_o_10_
  instr_addr_o_11_
  instr_addr_o_12_
  instr_addr_o_13_
  instr_addr_o_14_
  instr_addr_o_15_
  instr_addr_o_16_
  instr_addr_o_17_
  instr_addr_o_18_
  instr_addr_o_19_
  instr_addr_o_1_
  instr_addr_o_20_
  instr_addr_o_21_
  instr_addr_o_22_
  instr_addr_o_23_
  instr_addr_o_24_
  instr_addr_o_25_
  instr_addr_o_26_
  instr_addr_o_27_
  instr_addr_o_28_
  instr_addr_o_29_
  instr_addr_o_2_
  instr_addr_o_30_
  instr_addr_o_31_
  instr_addr_o_3_
  instr_addr_o_4_
  instr_addr_o_5_
  instr_addr_o_6_
  instr_addr_o_7_
  instr_addr_o_8_
  instr_addr_o_9_
  instr_req_o
  irq_pending_o
max_delay/setup group clk_sys

                                     Required  Actual
Endpoint                               Delay   Delay   Slack
------------------------------------------------------------
if_stage_i.prefetch_buffer_i.stored_addr_q_18__reg/D (sg13g2_dfrbp_1)   11.88  255.00 -243.12 (VIOLATED)

max_delay/setup group clk_sys

                                     Required  Actual
Endpoint                               Delay   Delay   Slack
------------------------------------------------------------
if_stage_i.prefetch_buffer_i.stored_addr_q_18__reg/D (sg13g2_dfrbp_1)   11.88  255.00 -243.12 (VIOLATED)

max_delay/setup group clk_sys

                                     Required  Actual
Endpoint                               Delay   Delay   Slack
------------------------------------------------------------
if_stage_i.prefetch_buffer_i.stored_addr_q_18__reg/D (sg13g2_dfrbp_1)   11.88  255.00 -243.12 (VIOLATED)

