Warning: There are 4 output ports missing set_output_delay.
  unused0_o
  unused1_o
  unused2_o
  unused3_o
Warning: There are 436 unconstrained endpoints.
  unused0_o
  unused1_o
  unused2_o
  unused3_o
  i_croc_soc/i_croc/gen_sram_bank[0].i_sram/gen_512x32xBx1.i_cut/A_BIST_ADDR[0]
  i_croc_soc/i_croc/gen_sram_bank[0].i_sram/gen_512x32xBx1.i_cut/A_BIST_ADDR[1]
  i_croc_soc/i_croc/gen_sram_bank[0].i_sram/gen_512x32xBx1.i_cut/A_BIST_ADDR[2]
  i_croc_soc/i_croc/gen_sram_bank[0].i_sram/gen_512x32xBx1.i_cut/A_BIST_ADDR[3]
  i_croc_soc/i_croc/gen_sram_bank[0].i_sram/gen_512x32xBx1.i_cut/A_BIST_ADDR[4]
  i_croc_soc/i_croc/gen_sram_bank[0].i_sram/gen_512x32xBx1.i_cut/A_BIST_ADDR[5]
  i_croc_soc/i_croc/gen_sram_bank[0].i_sram/gen_512x32xBx1.i_cut/A_BIST_ADDR[6]
  i_croc_soc/i_croc/gen_sram_bank[0].i_sram/gen_512x32xBx1.i_cut/A_BIST_ADDR[7]
  i_croc_soc/i_croc/gen_sram_bank[0].i_sram/gen_512x32xBx1.i_cut/A_BIST_BM[0]
  i_croc_soc/i_croc/gen_sram_bank[0].i_sram/gen_512x32xBx1.i_cut/A_BIST_BM[10]
  i_croc_soc/i_croc/gen_sram_bank[0].i_sram/gen_512x32xBx1.i_cut/A_BIST_BM[11]
  i_croc_soc/i_croc/gen_sram_bank[0].i_sram/gen_512x32xBx1.i_cut/A_BIST_BM[12]
  i_croc_soc/i_croc/gen_sram_bank[0].i_sram/gen_512x32xBx1.i_cut/A_BIST_BM[13]
  i_croc_soc/i_croc/gen_sram_bank[0].i_sram/gen_512x32xBx1.i_cut/A_BIST_BM[14]
  i_croc_soc/i_croc/gen_sram_bank[0].i_sram/gen_512x32xBx1.i_cut/A_BIST_BM[15]
  i_croc_soc/i_croc/gen_sram_bank[0].i_sram/gen_512x32xBx1.i_cut/A_BIST_BM[16]
  i_croc_soc/i_croc/gen_sram_bank[0].i_sram/gen_512x32xBx1.i_cut/A_BIST_BM[17]
  i_croc_soc/i_croc/gen_sram_bank[0].i_sram/gen_512x32xBx1.i_cut/A_BIST_BM[18]
  i_croc_soc/i_croc/gen_sram_bank[0].i_sram/gen_512x32xBx1.i_cut/A_BIST_BM[19]
  i_croc_soc/i_croc/gen_sram_bank[0].i_sram/gen_512x32xBx1.i_cut/A_BIST_BM[1]
  i_croc_soc/i_croc/gen_sram_bank[0].i_sram/gen_512x32xBx1.i_cut/A_BIST_BM[20]
  i_croc_soc/i_croc/gen_sram_bank[0].i_sram/gen_512x32xBx1.i_cut/A_BIST_BM[21]
  i_croc_soc/i_croc/gen_sram_bank[0].i_sram/gen_512x32xBx1.i_cut/A_BIST_BM[22]
  i_croc_soc/i_croc/gen_sram_bank[0].i_sram/gen_512x32xBx1.i_cut/A_BIST_BM[23]
  i_croc_soc/i_croc/gen_sram_bank[0].i_sram/gen_512x32xBx1.i_cut/A_BIST_BM[24]
  i_croc_soc/i_croc/gen_sram_bank[0].i_sram/gen_512x32xBx1.i_cut/A_BIST_BM[25]
  i_croc_soc/i_croc/gen_sram_bank[0].i_sram/gen_512x32xBx1.i_cut/A_BIST_BM[26]
  i_croc_soc/i_croc/gen_sram_bank[0].i_sram/gen_512x32xBx1.i_cut/A_BIST_BM[27]
  i_croc_soc/i_croc/gen_sram_bank[0].i_sram/gen_512x32xBx1.i_cut/A_BIST_BM[28]
  i_croc_soc/i_croc/gen_sram_bank[0].i_sram/gen_512x32xBx1.i_cut/A_BIST_BM[29]
  i_croc_soc/i_croc/gen_sram_bank[0].i_sram/gen_512x32xBx1.i_cut/A_BIST_BM[2]
  i_croc_soc/i_croc/gen_sram_bank[0].i_sram/gen_512x32xBx1.i_cut/A_BIST_BM[30]
  i_croc_soc/i_croc/gen_sram_bank[0].i_sram/gen_512x32xBx1.i_cut/A_BIST_BM[31]
  i_croc_soc/i_croc/gen_sram_bank[0].i_sram/gen_512x32xBx1.i_cut/A_BIST_BM[32]
  i_croc_soc/i_croc/gen_sram_bank[0].i_sram/gen_512x32xBx1.i_cut/A_BIST_BM[33]
  i_croc_soc/i_croc/gen_sram_bank[0].i_sram/gen_512x32xBx1.i_cut/A_BIST_BM[34]
  i_croc_soc/i_croc/gen_sram_bank[0].i_sram/gen_512x32xBx1.i_cut/A_BIST_BM[35]
  i_croc_soc/i_croc/gen_sram_bank[0].i_sram/gen_512x32xBx1.i_cut/A_BIST_BM[36]
  i_croc_soc/i_croc/gen_sram_bank[0].i_sram/gen_512x32xBx1.i_cut/A_BIST_BM[37]
  i_croc_soc/i_croc/gen_sram_bank[0].i_sram/gen_512x32xBx1.i_cut/A_BIST_BM[38]
  i_croc_soc/i_croc/gen_sram_bank[0].i_sram/gen_512x32xBx1.i_cut/A_BIST_BM[39]
  i_croc_soc/i_croc/gen_sram_bank[0].i_sram/gen_512x32xBx1.i_cut/A_BIST_BM[3]
  i_croc_soc/i_croc/gen_sram_bank[0].i_sram/gen_512x32xBx1.i_cut/A_BIST_BM[40]
  i_croc_soc/i_croc/gen_sram_bank[0].i_sram/gen_512x32xBx1.i_cut/A_BIST_BM[41]
  i_croc_soc/i_croc/gen_sram_bank[0].i_sram/gen_512x32xBx1.i_cut/A_BIST_BM[42]
  i_croc_soc/i_croc/gen_sram_bank[0].i_sram/gen_512x32xBx1.i_cut/A_BIST_BM[43]
  i_croc_soc/i_croc/gen_sram_bank[0].i_sram/gen_512x32xBx1.i_cut/A_BIST_BM[44]
  i_croc_soc/i_croc/gen_sram_bank[0].i_sram/gen_512x32xBx1.i_cut/A_BIST_BM[45]
  i_croc_soc/i_croc/gen_sram_bank[0].i_sram/gen_512x32xBx1.i_cut/A_BIST_BM[46]
  i_croc_soc/i_croc/gen_sram_bank[0].i_sram/gen_512x32xBx1.i_cut/A_BIST_BM[47]
  i_croc_soc/i_croc/gen_sram_bank[0].i_sram/gen_512x32xBx1.i_cut/A_BIST_BM[48]
  i_croc_soc/i_croc/gen_sram_bank[0].i_sram/gen_512x32xBx1.i_cut/A_BIST_BM[49]
  i_croc_soc/i_croc/gen_sram_bank[0].i_sram/gen_512x32xBx1.i_cut/A_BIST_BM[4]
  i_croc_soc/i_croc/gen_sram_bank[0].i_sram/gen_512x32xBx1.i_cut/A_BIST_BM[50]
  i_croc_soc/i_croc/gen_sram_bank[0].i_sram/gen_512x32xBx1.i_cut/A_BIST_BM[51]
  i_croc_soc/i_croc/gen_sram_bank[0].i_sram/gen_512x32xBx1.i_cut/A_BIST_BM[52]
  i_croc_soc/i_croc/gen_sram_bank[0].i_sram/gen_512x32xBx1.i_cut/A_BIST_BM[53]
  i_croc_soc/i_croc/gen_sram_bank[0].i_sram/gen_512x32xBx1.i_cut/A_BIST_BM[54]
  i_croc_soc/i_croc/gen_sram_bank[0].i_sram/gen_512x32xBx1.i_cut/A_BIST_BM[55]
  i_croc_soc/i_croc/gen_sram_bank[0].i_sram/gen_512x32xBx1.i_cut/A_BIST_BM[56]
  i_croc_soc/i_croc/gen_sram_bank[0].i_sram/gen_512x32xBx1.i_cut/A_BIST_BM[57]
  i_croc_soc/i_croc/gen_sram_bank[0].i_sram/gen_512x32xBx1.i_cut/A_BIST_BM[58]
  i_croc_soc/i_croc/gen_sram_bank[0].i_sram/gen_512x32xBx1.i_cut/A_BIST_BM[59]
  i_croc_soc/i_croc/gen_sram_bank[0].i_sram/gen_512x32xBx1.i_cut/A_BIST_BM[5]
  i_croc_soc/i_croc/gen_sram_bank[0].i_sram/gen_512x32xBx1.i_cut/A_BIST_BM[60]
  i_croc_soc/i_croc/gen_sram_bank[0].i_sram/gen_512x32xBx1.i_cut/A_BIST_BM[61]
  i_croc_soc/i_croc/gen_sram_bank[0].i_sram/gen_512x32xBx1.i_cut/A_BIST_BM[62]
  i_croc_soc/i_croc/gen_sram_bank[0].i_sram/gen_512x32xBx1.i_cut/A_BIST_BM[63]
  i_croc_soc/i_croc/gen_sram_bank[0].i_sram/gen_512x32xBx1.i_cut/A_BIST_BM[6]
  i_croc_soc/i_croc/gen_sram_bank[0].i_sram/gen_512x32xBx1.i_cut/A_BIST_BM[7]
  i_croc_soc/i_croc/gen_sram_bank[0].i_sram/gen_512x32xBx1.i_cut/A_BIST_BM[8]
  i_croc_soc/i_croc/gen_sram_bank[0].i_sram/gen_512x32xBx1.i_cut/A_BIST_BM[9]
  i_croc_soc/i_croc/gen_sram_bank[0].i_sram/gen_512x32xBx1.i_cut/A_BIST_DIN[0]
  i_croc_soc/i_croc/gen_sram_bank[0].i_sram/gen_512x32xBx1.i_cut/A_BIST_DIN[10]
  i_croc_soc/i_croc/gen_sram_bank[0].i_sram/gen_512x32xBx1.i_cut/A_BIST_DIN[11]
  i_croc_soc/i_croc/gen_sram_bank[0].i_sram/gen_512x32xBx1.i_cut/A_BIST_DIN[12]
  i_croc_soc/i_croc/gen_sram_bank[0].i_sram/gen_512x32xBx1.i_cut/A_BIST_DIN[13]
  i_croc_soc/i_croc/gen_sram_bank[0].i_sram/gen_512x32xBx1.i_cut/A_BIST_DIN[14]
  i_croc_soc/i_croc/gen_sram_bank[0].i_sram/gen_512x32xBx1.i_cut/A_BIST_DIN[15]
  i_croc_soc/i_croc/gen_sram_bank[0].i_sram/gen_512x32xBx1.i_cut/A_BIST_DIN[16]
  i_croc_soc/i_croc/gen_sram_bank[0].i_sram/gen_512x32xBx1.i_cut/A_BIST_DIN[17]
  i_croc_soc/i_croc/gen_sram_bank[0].i_sram/gen_512x32xBx1.i_cut/A_BIST_DIN[18]
  i_croc_soc/i_croc/gen_sram_bank[0].i_sram/gen_512x32xBx1.i_cut/A_BIST_DIN[19]
  i_croc_soc/i_croc/gen_sram_bank[0].i_sram/gen_512x32xBx1.i_cut/A_BIST_DIN[1]
  i_croc_soc/i_croc/gen_sram_bank[0].i_sram/gen_512x32xBx1.i_cut/A_BIST_DIN[20]
  i_croc_soc/i_croc/gen_sram_bank[0].i_sram/gen_512x32xBx1.i_cut/A_BIST_DIN[21]
  i_croc_soc/i_croc/gen_sram_bank[0].i_sram/gen_512x32xBx1.i_cut/A_BIST_DIN[22]
  i_croc_soc/i_croc/gen_sram_bank[0].i_sram/gen_512x32xBx1.i_cut/A_BIST_DIN[23]
  i_croc_soc/i_croc/gen_sram_bank[0].i_sram/gen_512x32xBx1.i_cut/A_BIST_DIN[24]
  i_croc_soc/i_croc/gen_sram_bank[0].i_sram/gen_512x32xBx1.i_cut/A_BIST_DIN[25]
  i_croc_soc/i_croc/gen_sram_bank[0].i_sram/gen_512x32xBx1.i_cut/A_BIST_DIN[26]
  i_croc_soc/i_croc/gen_sram_bank[0].i_sram/gen_512x32xBx1.i_cut/A_BIST_DIN[27]
  i_croc_soc/i_croc/gen_sram_bank[0].i_sram/gen_512x32xBx1.i_cut/A_BIST_DIN[28]
  i_croc_soc/i_croc/gen_sram_bank[0].i_sram/gen_512x32xBx1.i_cut/A_BIST_DIN[29]
  i_croc_soc/i_croc/gen_sram_bank[0].i_sram/gen_512x32xBx1.i_cut/A_BIST_DIN[2]
  i_croc_soc/i_croc/gen_sram_bank[0].i_sram/gen_512x32xBx1.i_cut/A_BIST_DIN[30]
  i_croc_soc/i_croc/gen_sram_bank[0].i_sram/gen_512x32xBx1.i_cut/A_BIST_DIN[31]
  i_croc_soc/i_croc/gen_sram_bank[0].i_sram/gen_512x32xBx1.i_cut/A_BIST_DIN[32]
  i_croc_soc/i_croc/gen_sram_bank[0].i_sram/gen_512x32xBx1.i_cut/A_BIST_DIN[33]
  i_croc_soc/i_croc/gen_sram_bank[0].i_sram/gen_512x32xBx1.i_cut/A_BIST_DIN[34]
  i_croc_soc/i_croc/gen_sram_bank[0].i_sram/gen_512x32xBx1.i_cut/A_BIST_DIN[35]
  i_croc_soc/i_croc/gen_sram_bank[0].i_sram/gen_512x32xBx1.i_cut/A_BIST_DIN[36]
  i_croc_soc/i_croc/gen_sram_bank[0].i_sram/gen_512x32xBx1.i_cut/A_BIST_DIN[37]
  i_croc_soc/i_croc/gen_sram_bank[0].i_sram/gen_512x32xBx1.i_cut/A_BIST_DIN[38]
  i_croc_soc/i_croc/gen_sram_bank[0].i_sram/gen_512x32xBx1.i_cut/A_BIST_DIN[39]
  i_croc_soc/i_croc/gen_sram_bank[0].i_sram/gen_512x32xBx1.i_cut/A_BIST_DIN[3]
  i_croc_soc/i_croc/gen_sram_bank[0].i_sram/gen_512x32xBx1.i_cut/A_BIST_DIN[40]
  i_croc_soc/i_croc/gen_sram_bank[0].i_sram/gen_512x32xBx1.i_cut/A_BIST_DIN[41]
  i_croc_soc/i_croc/gen_sram_bank[0].i_sram/gen_512x32xBx1.i_cut/A_BIST_DIN[42]
  i_croc_soc/i_croc/gen_sram_bank[0].i_sram/gen_512x32xBx1.i_cut/A_BIST_DIN[43]
  i_croc_soc/i_croc/gen_sram_bank[0].i_sram/gen_512x32xBx1.i_cut/A_BIST_DIN[44]
  i_croc_soc/i_croc/gen_sram_bank[0].i_sram/gen_512x32xBx1.i_cut/A_BIST_DIN[45]
  i_croc_soc/i_croc/gen_sram_bank[0].i_sram/gen_512x32xBx1.i_cut/A_BIST_DIN[46]
  i_croc_soc/i_croc/gen_sram_bank[0].i_sram/gen_512x32xBx1.i_cut/A_BIST_DIN[47]
  i_croc_soc/i_croc/gen_sram_bank[0].i_sram/gen_512x32xBx1.i_cut/A_BIST_DIN[48]
  i_croc_soc/i_croc/gen_sram_bank[0].i_sram/gen_512x32xBx1.i_cut/A_BIST_DIN[49]
  i_croc_soc/i_croc/gen_sram_bank[0].i_sram/gen_512x32xBx1.i_cut/A_BIST_DIN[4]
  i_croc_soc/i_croc/gen_sram_bank[0].i_sram/gen_512x32xBx1.i_cut/A_BIST_DIN[50]
  i_croc_soc/i_croc/gen_sram_bank[0].i_sram/gen_512x32xBx1.i_cut/A_BIST_DIN[51]
  i_croc_soc/i_croc/gen_sram_bank[0].i_sram/gen_512x32xBx1.i_cut/A_BIST_DIN[52]
  i_croc_soc/i_croc/gen_sram_bank[0].i_sram/gen_512x32xBx1.i_cut/A_BIST_DIN[53]
  i_croc_soc/i_croc/gen_sram_bank[0].i_sram/gen_512x32xBx1.i_cut/A_BIST_DIN[54]
  i_croc_soc/i_croc/gen_sram_bank[0].i_sram/gen_512x32xBx1.i_cut/A_BIST_DIN[55]
  i_croc_soc/i_croc/gen_sram_bank[0].i_sram/gen_512x32xBx1.i_cut/A_BIST_DIN[56]
  i_croc_soc/i_croc/gen_sram_bank[0].i_sram/gen_512x32xBx1.i_cut/A_BIST_DIN[57]
  i_croc_soc/i_croc/gen_sram_bank[0].i_sram/gen_512x32xBx1.i_cut/A_BIST_DIN[58]
  i_croc_soc/i_croc/gen_sram_bank[0].i_sram/gen_512x32xBx1.i_cut/A_BIST_DIN[59]
  i_croc_soc/i_croc/gen_sram_bank[0].i_sram/gen_512x32xBx1.i_cut/A_BIST_DIN[5]
  i_croc_soc/i_croc/gen_sram_bank[0].i_sram/gen_512x32xBx1.i_cut/A_BIST_DIN[60]
  i_croc_soc/i_croc/gen_sram_bank[0].i_sram/gen_512x32xBx1.i_cut/A_BIST_DIN[61]
  i_croc_soc/i_croc/gen_sram_bank[0].i_sram/gen_512x32xBx1.i_cut/A_BIST_DIN[62]
  i_croc_soc/i_croc/gen_sram_bank[0].i_sram/gen_512x32xBx1.i_cut/A_BIST_DIN[63]
  i_croc_soc/i_croc/gen_sram_bank[0].i_sram/gen_512x32xBx1.i_cut/A_BIST_DIN[6]
  i_croc_soc/i_croc/gen_sram_bank[0].i_sram/gen_512x32xBx1.i_cut/A_BIST_DIN[7]
  i_croc_soc/i_croc/gen_sram_bank[0].i_sram/gen_512x32xBx1.i_cut/A_BIST_DIN[8]
  i_croc_soc/i_croc/gen_sram_bank[0].i_sram/gen_512x32xBx1.i_cut/A_BIST_DIN[9]
  i_croc_soc/i_croc/gen_sram_bank[0].i_sram/gen_512x32xBx1.i_cut/A_BIST_MEN
  i_croc_soc/i_croc/gen_sram_bank[0].i_sram/gen_512x32xBx1.i_cut/A_BIST_REN
  i_croc_soc/i_croc/gen_sram_bank[0].i_sram/gen_512x32xBx1.i_cut/A_BIST_WEN
  i_croc_soc/i_croc/gen_sram_bank[0].i_sram_shim/obi_rsp_o[4]_reg/D
  i_croc_soc/i_croc/gen_sram_bank[1].i_sram/gen_512x32xBx1.i_cut/A_BIST_ADDR[0]
  i_croc_soc/i_croc/gen_sram_bank[1].i_sram/gen_512x32xBx1.i_cut/A_BIST_ADDR[1]
  i_croc_soc/i_croc/gen_sram_bank[1].i_sram/gen_512x32xBx1.i_cut/A_BIST_ADDR[2]
  i_croc_soc/i_croc/gen_sram_bank[1].i_sram/gen_512x32xBx1.i_cut/A_BIST_ADDR[3]
  i_croc_soc/i_croc/gen_sram_bank[1].i_sram/gen_512x32xBx1.i_cut/A_BIST_ADDR[4]
  i_croc_soc/i_croc/gen_sram_bank[1].i_sram/gen_512x32xBx1.i_cut/A_BIST_ADDR[5]
  i_croc_soc/i_croc/gen_sram_bank[1].i_sram/gen_512x32xBx1.i_cut/A_BIST_ADDR[6]
  i_croc_soc/i_croc/gen_sram_bank[1].i_sram/gen_512x32xBx1.i_cut/A_BIST_ADDR[7]
  i_croc_soc/i_croc/gen_sram_bank[1].i_sram/gen_512x32xBx1.i_cut/A_BIST_BM[0]
  i_croc_soc/i_croc/gen_sram_bank[1].i_sram/gen_512x32xBx1.i_cut/A_BIST_BM[10]
  i_croc_soc/i_croc/gen_sram_bank[1].i_sram/gen_512x32xBx1.i_cut/A_BIST_BM[11]
  i_croc_soc/i_croc/gen_sram_bank[1].i_sram/gen_512x32xBx1.i_cut/A_BIST_BM[12]
  i_croc_soc/i_croc/gen_sram_bank[1].i_sram/gen_512x32xBx1.i_cut/A_BIST_BM[13]
  i_croc_soc/i_croc/gen_sram_bank[1].i_sram/gen_512x32xBx1.i_cut/A_BIST_BM[14]
  i_croc_soc/i_croc/gen_sram_bank[1].i_sram/gen_512x32xBx1.i_cut/A_BIST_BM[15]
  i_croc_soc/i_croc/gen_sram_bank[1].i_sram/gen_512x32xBx1.i_cut/A_BIST_BM[16]
  i_croc_soc/i_croc/gen_sram_bank[1].i_sram/gen_512x32xBx1.i_cut/A_BIST_BM[17]
  i_croc_soc/i_croc/gen_sram_bank[1].i_sram/gen_512x32xBx1.i_cut/A_BIST_BM[18]
  i_croc_soc/i_croc/gen_sram_bank[1].i_sram/gen_512x32xBx1.i_cut/A_BIST_BM[19]
  i_croc_soc/i_croc/gen_sram_bank[1].i_sram/gen_512x32xBx1.i_cut/A_BIST_BM[1]
  i_croc_soc/i_croc/gen_sram_bank[1].i_sram/gen_512x32xBx1.i_cut/A_BIST_BM[20]
  i_croc_soc/i_croc/gen_sram_bank[1].i_sram/gen_512x32xBx1.i_cut/A_BIST_BM[21]
  i_croc_soc/i_croc/gen_sram_bank[1].i_sram/gen_512x32xBx1.i_cut/A_BIST_BM[22]
  i_croc_soc/i_croc/gen_sram_bank[1].i_sram/gen_512x32xBx1.i_cut/A_BIST_BM[23]
  i_croc_soc/i_croc/gen_sram_bank[1].i_sram/gen_512x32xBx1.i_cut/A_BIST_BM[24]
  i_croc_soc/i_croc/gen_sram_bank[1].i_sram/gen_512x32xBx1.i_cut/A_BIST_BM[25]
  i_croc_soc/i_croc/gen_sram_bank[1].i_sram/gen_512x32xBx1.i_cut/A_BIST_BM[26]
  i_croc_soc/i_croc/gen_sram_bank[1].i_sram/gen_512x32xBx1.i_cut/A_BIST_BM[27]
  i_croc_soc/i_croc/gen_sram_bank[1].i_sram/gen_512x32xBx1.i_cut/A_BIST_BM[28]
  i_croc_soc/i_croc/gen_sram_bank[1].i_sram/gen_512x32xBx1.i_cut/A_BIST_BM[29]
  i_croc_soc/i_croc/gen_sram_bank[1].i_sram/gen_512x32xBx1.i_cut/A_BIST_BM[2]
  i_croc_soc/i_croc/gen_sram_bank[1].i_sram/gen_512x32xBx1.i_cut/A_BIST_BM[30]
  i_croc_soc/i_croc/gen_sram_bank[1].i_sram/gen_512x32xBx1.i_cut/A_BIST_BM[31]
  i_croc_soc/i_croc/gen_sram_bank[1].i_sram/gen_512x32xBx1.i_cut/A_BIST_BM[32]
  i_croc_soc/i_croc/gen_sram_bank[1].i_sram/gen_512x32xBx1.i_cut/A_BIST_BM[33]
  i_croc_soc/i_croc/gen_sram_bank[1].i_sram/gen_512x32xBx1.i_cut/A_BIST_BM[34]
  i_croc_soc/i_croc/gen_sram_bank[1].i_sram/gen_512x32xBx1.i_cut/A_BIST_BM[35]
  i_croc_soc/i_croc/gen_sram_bank[1].i_sram/gen_512x32xBx1.i_cut/A_BIST_BM[36]
  i_croc_soc/i_croc/gen_sram_bank[1].i_sram/gen_512x32xBx1.i_cut/A_BIST_BM[37]
  i_croc_soc/i_croc/gen_sram_bank[1].i_sram/gen_512x32xBx1.i_cut/A_BIST_BM[38]
  i_croc_soc/i_croc/gen_sram_bank[1].i_sram/gen_512x32xBx1.i_cut/A_BIST_BM[39]
  i_croc_soc/i_croc/gen_sram_bank[1].i_sram/gen_512x32xBx1.i_cut/A_BIST_BM[3]
  i_croc_soc/i_croc/gen_sram_bank[1].i_sram/gen_512x32xBx1.i_cut/A_BIST_BM[40]
  i_croc_soc/i_croc/gen_sram_bank[1].i_sram/gen_512x32xBx1.i_cut/A_BIST_BM[41]
  i_croc_soc/i_croc/gen_sram_bank[1].i_sram/gen_512x32xBx1.i_cut/A_BIST_BM[42]
  i_croc_soc/i_croc/gen_sram_bank[1].i_sram/gen_512x32xBx1.i_cut/A_BIST_BM[43]
  i_croc_soc/i_croc/gen_sram_bank[1].i_sram/gen_512x32xBx1.i_cut/A_BIST_BM[44]
  i_croc_soc/i_croc/gen_sram_bank[1].i_sram/gen_512x32xBx1.i_cut/A_BIST_BM[45]
  i_croc_soc/i_croc/gen_sram_bank[1].i_sram/gen_512x32xBx1.i_cut/A_BIST_BM[46]
  i_croc_soc/i_croc/gen_sram_bank[1].i_sram/gen_512x32xBx1.i_cut/A_BIST_BM[47]
  i_croc_soc/i_croc/gen_sram_bank[1].i_sram/gen_512x32xBx1.i_cut/A_BIST_BM[48]
  i_croc_soc/i_croc/gen_sram_bank[1].i_sram/gen_512x32xBx1.i_cut/A_BIST_BM[49]
  i_croc_soc/i_croc/gen_sram_bank[1].i_sram/gen_512x32xBx1.i_cut/A_BIST_BM[4]
  i_croc_soc/i_croc/gen_sram_bank[1].i_sram/gen_512x32xBx1.i_cut/A_BIST_BM[50]
  i_croc_soc/i_croc/gen_sram_bank[1].i_sram/gen_512x32xBx1.i_cut/A_BIST_BM[51]
  i_croc_soc/i_croc/gen_sram_bank[1].i_sram/gen_512x32xBx1.i_cut/A_BIST_BM[52]
  i_croc_soc/i_croc/gen_sram_bank[1].i_sram/gen_512x32xBx1.i_cut/A_BIST_BM[53]
  i_croc_soc/i_croc/gen_sram_bank[1].i_sram/gen_512x32xBx1.i_cut/A_BIST_BM[54]
  i_croc_soc/i_croc/gen_sram_bank[1].i_sram/gen_512x32xBx1.i_cut/A_BIST_BM[55]
  i_croc_soc/i_croc/gen_sram_bank[1].i_sram/gen_512x32xBx1.i_cut/A_BIST_BM[56]
  i_croc_soc/i_croc/gen_sram_bank[1].i_sram/gen_512x32xBx1.i_cut/A_BIST_BM[57]
  i_croc_soc/i_croc/gen_sram_bank[1].i_sram/gen_512x32xBx1.i_cut/A_BIST_BM[58]
  i_croc_soc/i_croc/gen_sram_bank[1].i_sram/gen_512x32xBx1.i_cut/A_BIST_BM[59]
  i_croc_soc/i_croc/gen_sram_bank[1].i_sram/gen_512x32xBx1.i_cut/A_BIST_BM[5]
  i_croc_soc/i_croc/gen_sram_bank[1].i_sram/gen_512x32xBx1.i_cut/A_BIST_BM[60]
  i_croc_soc/i_croc/gen_sram_bank[1].i_sram/gen_512x32xBx1.i_cut/A_BIST_BM[61]
  i_croc_soc/i_croc/gen_sram_bank[1].i_sram/gen_512x32xBx1.i_cut/A_BIST_BM[62]
  i_croc_soc/i_croc/gen_sram_bank[1].i_sram/gen_512x32xBx1.i_cut/A_BIST_BM[63]
  i_croc_soc/i_croc/gen_sram_bank[1].i_sram/gen_512x32xBx1.i_cut/A_BIST_BM[6]
  i_croc_soc/i_croc/gen_sram_bank[1].i_sram/gen_512x32xBx1.i_cut/A_BIST_BM[7]
  i_croc_soc/i_croc/gen_sram_bank[1].i_sram/gen_512x32xBx1.i_cut/A_BIST_BM[8]
  i_croc_soc/i_croc/gen_sram_bank[1].i_sram/gen_512x32xBx1.i_cut/A_BIST_BM[9]
  i_croc_soc/i_croc/gen_sram_bank[1].i_sram/gen_512x32xBx1.i_cut/A_BIST_DIN[0]
  i_croc_soc/i_croc/gen_sram_bank[1].i_sram/gen_512x32xBx1.i_cut/A_BIST_DIN[10]
  i_croc_soc/i_croc/gen_sram_bank[1].i_sram/gen_512x32xBx1.i_cut/A_BIST_DIN[11]
  i_croc_soc/i_croc/gen_sram_bank[1].i_sram/gen_512x32xBx1.i_cut/A_BIST_DIN[12]
  i_croc_soc/i_croc/gen_sram_bank[1].i_sram/gen_512x32xBx1.i_cut/A_BIST_DIN[13]
  i_croc_soc/i_croc/gen_sram_bank[1].i_sram/gen_512x32xBx1.i_cut/A_BIST_DIN[14]
  i_croc_soc/i_croc/gen_sram_bank[1].i_sram/gen_512x32xBx1.i_cut/A_BIST_DIN[15]
  i_croc_soc/i_croc/gen_sram_bank[1].i_sram/gen_512x32xBx1.i_cut/A_BIST_DIN[16]
  i_croc_soc/i_croc/gen_sram_bank[1].i_sram/gen_512x32xBx1.i_cut/A_BIST_DIN[17]
  i_croc_soc/i_croc/gen_sram_bank[1].i_sram/gen_512x32xBx1.i_cut/A_BIST_DIN[18]
  i_croc_soc/i_croc/gen_sram_bank[1].i_sram/gen_512x32xBx1.i_cut/A_BIST_DIN[19]
  i_croc_soc/i_croc/gen_sram_bank[1].i_sram/gen_512x32xBx1.i_cut/A_BIST_DIN[1]
  i_croc_soc/i_croc/gen_sram_bank[1].i_sram/gen_512x32xBx1.i_cut/A_BIST_DIN[20]
  i_croc_soc/i_croc/gen_sram_bank[1].i_sram/gen_512x32xBx1.i_cut/A_BIST_DIN[21]
  i_croc_soc/i_croc/gen_sram_bank[1].i_sram/gen_512x32xBx1.i_cut/A_BIST_DIN[22]
  i_croc_soc/i_croc/gen_sram_bank[1].i_sram/gen_512x32xBx1.i_cut/A_BIST_DIN[23]
  i_croc_soc/i_croc/gen_sram_bank[1].i_sram/gen_512x32xBx1.i_cut/A_BIST_DIN[24]
  i_croc_soc/i_croc/gen_sram_bank[1].i_sram/gen_512x32xBx1.i_cut/A_BIST_DIN[25]
  i_croc_soc/i_croc/gen_sram_bank[1].i_sram/gen_512x32xBx1.i_cut/A_BIST_DIN[26]
  i_croc_soc/i_croc/gen_sram_bank[1].i_sram/gen_512x32xBx1.i_cut/A_BIST_DIN[27]
  i_croc_soc/i_croc/gen_sram_bank[1].i_sram/gen_512x32xBx1.i_cut/A_BIST_DIN[28]
  i_croc_soc/i_croc/gen_sram_bank[1].i_sram/gen_512x32xBx1.i_cut/A_BIST_DIN[29]
  i_croc_soc/i_croc/gen_sram_bank[1].i_sram/gen_512x32xBx1.i_cut/A_BIST_DIN[2]
  i_croc_soc/i_croc/gen_sram_bank[1].i_sram/gen_512x32xBx1.i_cut/A_BIST_DIN[30]
  i_croc_soc/i_croc/gen_sram_bank[1].i_sram/gen_512x32xBx1.i_cut/A_BIST_DIN[31]
  i_croc_soc/i_croc/gen_sram_bank[1].i_sram/gen_512x32xBx1.i_cut/A_BIST_DIN[32]
  i_croc_soc/i_croc/gen_sram_bank[1].i_sram/gen_512x32xBx1.i_cut/A_BIST_DIN[33]
  i_croc_soc/i_croc/gen_sram_bank[1].i_sram/gen_512x32xBx1.i_cut/A_BIST_DIN[34]
  i_croc_soc/i_croc/gen_sram_bank[1].i_sram/gen_512x32xBx1.i_cut/A_BIST_DIN[35]
  i_croc_soc/i_croc/gen_sram_bank[1].i_sram/gen_512x32xBx1.i_cut/A_BIST_DIN[36]
  i_croc_soc/i_croc/gen_sram_bank[1].i_sram/gen_512x32xBx1.i_cut/A_BIST_DIN[37]
  i_croc_soc/i_croc/gen_sram_bank[1].i_sram/gen_512x32xBx1.i_cut/A_BIST_DIN[38]
  i_croc_soc/i_croc/gen_sram_bank[1].i_sram/gen_512x32xBx1.i_cut/A_BIST_DIN[39]
  i_croc_soc/i_croc/gen_sram_bank[1].i_sram/gen_512x32xBx1.i_cut/A_BIST_DIN[3]
  i_croc_soc/i_croc/gen_sram_bank[1].i_sram/gen_512x32xBx1.i_cut/A_BIST_DIN[40]
  i_croc_soc/i_croc/gen_sram_bank[1].i_sram/gen_512x32xBx1.i_cut/A_BIST_DIN[41]
  i_croc_soc/i_croc/gen_sram_bank[1].i_sram/gen_512x32xBx1.i_cut/A_BIST_DIN[42]
  i_croc_soc/i_croc/gen_sram_bank[1].i_sram/gen_512x32xBx1.i_cut/A_BIST_DIN[43]
  i_croc_soc/i_croc/gen_sram_bank[1].i_sram/gen_512x32xBx1.i_cut/A_BIST_DIN[44]
  i_croc_soc/i_croc/gen_sram_bank[1].i_sram/gen_512x32xBx1.i_cut/A_BIST_DIN[45]
  i_croc_soc/i_croc/gen_sram_bank[1].i_sram/gen_512x32xBx1.i_cut/A_BIST_DIN[46]
  i_croc_soc/i_croc/gen_sram_bank[1].i_sram/gen_512x32xBx1.i_cut/A_BIST_DIN[47]
  i_croc_soc/i_croc/gen_sram_bank[1].i_sram/gen_512x32xBx1.i_cut/A_BIST_DIN[48]
  i_croc_soc/i_croc/gen_sram_bank[1].i_sram/gen_512x32xBx1.i_cut/A_BIST_DIN[49]
  i_croc_soc/i_croc/gen_sram_bank[1].i_sram/gen_512x32xBx1.i_cut/A_BIST_DIN[4]
  i_croc_soc/i_croc/gen_sram_bank[1].i_sram/gen_512x32xBx1.i_cut/A_BIST_DIN[50]
  i_croc_soc/i_croc/gen_sram_bank[1].i_sram/gen_512x32xBx1.i_cut/A_BIST_DIN[51]
  i_croc_soc/i_croc/gen_sram_bank[1].i_sram/gen_512x32xBx1.i_cut/A_BIST_DIN[52]
  i_croc_soc/i_croc/gen_sram_bank[1].i_sram/gen_512x32xBx1.i_cut/A_BIST_DIN[53]
  i_croc_soc/i_croc/gen_sram_bank[1].i_sram/gen_512x32xBx1.i_cut/A_BIST_DIN[54]
  i_croc_soc/i_croc/gen_sram_bank[1].i_sram/gen_512x32xBx1.i_cut/A_BIST_DIN[55]
  i_croc_soc/i_croc/gen_sram_bank[1].i_sram/gen_512x32xBx1.i_cut/A_BIST_DIN[56]
  i_croc_soc/i_croc/gen_sram_bank[1].i_sram/gen_512x32xBx1.i_cut/A_BIST_DIN[57]
  i_croc_soc/i_croc/gen_sram_bank[1].i_sram/gen_512x32xBx1.i_cut/A_BIST_DIN[58]
  i_croc_soc/i_croc/gen_sram_bank[1].i_sram/gen_512x32xBx1.i_cut/A_BIST_DIN[59]
  i_croc_soc/i_croc/gen_sram_bank[1].i_sram/gen_512x32xBx1.i_cut/A_BIST_DIN[5]
  i_croc_soc/i_croc/gen_sram_bank[1].i_sram/gen_512x32xBx1.i_cut/A_BIST_DIN[60]
  i_croc_soc/i_croc/gen_sram_bank[1].i_sram/gen_512x32xBx1.i_cut/A_BIST_DIN[61]
  i_croc_soc/i_croc/gen_sram_bank[1].i_sram/gen_512x32xBx1.i_cut/A_BIST_DIN[62]
  i_croc_soc/i_croc/gen_sram_bank[1].i_sram/gen_512x32xBx1.i_cut/A_BIST_DIN[63]
  i_croc_soc/i_croc/gen_sram_bank[1].i_sram/gen_512x32xBx1.i_cut/A_BIST_DIN[6]
  i_croc_soc/i_croc/gen_sram_bank[1].i_sram/gen_512x32xBx1.i_cut/A_BIST_DIN[7]
  i_croc_soc/i_croc/gen_sram_bank[1].i_sram/gen_512x32xBx1.i_cut/A_BIST_DIN[8]
  i_croc_soc/i_croc/gen_sram_bank[1].i_sram/gen_512x32xBx1.i_cut/A_BIST_DIN[9]
  i_croc_soc/i_croc/gen_sram_bank[1].i_sram/gen_512x32xBx1.i_cut/A_BIST_MEN
  i_croc_soc/i_croc/gen_sram_bank[1].i_sram/gen_512x32xBx1.i_cut/A_BIST_REN
  i_croc_soc/i_croc/gen_sram_bank[1].i_sram/gen_512x32xBx1.i_cut/A_BIST_WEN
  i_croc_soc/i_croc/gen_sram_bank[1].i_sram_shim/obi_rsp_o[4]_reg/D
  i_croc_soc/i_croc/i_core_wrap/i_ibex/hart_id_i_0_
  i_croc_soc/i_croc/i_core_wrap/i_ibex/hart_id_i_10_
  i_croc_soc/i_croc/i_core_wrap/i_ibex/hart_id_i_11_
  i_croc_soc/i_croc/i_core_wrap/i_ibex/hart_id_i_12_
  i_croc_soc/i_croc/i_core_wrap/i_ibex/hart_id_i_13_
  i_croc_soc/i_croc/i_core_wrap/i_ibex/hart_id_i_14_
  i_croc_soc/i_croc/i_core_wrap/i_ibex/hart_id_i_15_
  i_croc_soc/i_croc/i_core_wrap/i_ibex/hart_id_i_16_
  i_croc_soc/i_croc/i_core_wrap/i_ibex/hart_id_i_17_
  i_croc_soc/i_croc/i_core_wrap/i_ibex/hart_id_i_18_
  i_croc_soc/i_croc/i_core_wrap/i_ibex/hart_id_i_19_
  i_croc_soc/i_croc/i_core_wrap/i_ibex/hart_id_i_1_
  i_croc_soc/i_croc/i_core_wrap/i_ibex/hart_id_i_20_
  i_croc_soc/i_croc/i_core_wrap/i_ibex/hart_id_i_21_
  i_croc_soc/i_croc/i_core_wrap/i_ibex/hart_id_i_22_
  i_croc_soc/i_croc/i_core_wrap/i_ibex/hart_id_i_23_
  i_croc_soc/i_croc/i_core_wrap/i_ibex/hart_id_i_24_
  i_croc_soc/i_croc/i_core_wrap/i_ibex/hart_id_i_25_
  i_croc_soc/i_croc/i_core_wrap/i_ibex/hart_id_i_26_
  i_croc_soc/i_croc/i_core_wrap/i_ibex/hart_id_i_27_
  i_croc_soc/i_croc/i_core_wrap/i_ibex/hart_id_i_28_
  i_croc_soc/i_croc/i_core_wrap/i_ibex/hart_id_i_29_
  i_croc_soc/i_croc/i_core_wrap/i_ibex/hart_id_i_2_
  i_croc_soc/i_croc/i_core_wrap/i_ibex/hart_id_i_30_
  i_croc_soc/i_croc/i_core_wrap/i_ibex/hart_id_i_31_
  i_croc_soc/i_croc/i_core_wrap/i_ibex/hart_id_i_3_
  i_croc_soc/i_croc/i_core_wrap/i_ibex/hart_id_i_4_
  i_croc_soc/i_croc/i_core_wrap/i_ibex/hart_id_i_5_
  i_croc_soc/i_croc/i_core_wrap/i_ibex/hart_id_i_6_
  i_croc_soc/i_croc/i_core_wrap/i_ibex/hart_id_i_7_
  i_croc_soc/i_croc/i_core_wrap/i_ibex/hart_id_i_8_
  i_croc_soc/i_croc/i_core_wrap/i_ibex/hart_id_i_9_
  i_croc_soc/i_croc/i_core_wrap/i_ibex/irq_external_i
  i_croc_soc/i_croc/i_core_wrap/i_ibex/irq_fast_i_10_
  i_croc_soc/i_croc/i_core_wrap/i_ibex/irq_fast_i_11_
  i_croc_soc/i_croc/i_core_wrap/i_ibex/irq_fast_i_12_
  i_croc_soc/i_croc/i_core_wrap/i_ibex/irq_fast_i_13_
  i_croc_soc/i_croc/i_core_wrap/i_ibex/irq_fast_i_14_
  i_croc_soc/i_croc/i_core_wrap/i_ibex/irq_fast_i_15_
  i_croc_soc/i_croc/i_core_wrap/i_ibex/irq_fast_i_3_
  i_croc_soc/i_croc/i_core_wrap/i_ibex/irq_fast_i_4_
  i_croc_soc/i_croc/i_core_wrap/i_ibex/irq_fast_i_5_
  i_croc_soc/i_croc/i_core_wrap/i_ibex/irq_fast_i_6_
  i_croc_soc/i_croc/i_core_wrap/i_ibex/irq_fast_i_7_
  i_croc_soc/i_croc/i_core_wrap/i_ibex/irq_fast_i_8_
  i_croc_soc/i_croc/i_core_wrap/i_ibex/irq_fast_i_9_
  i_croc_soc/i_croc/i_core_wrap/i_ibex/irq_nm_i
  i_croc_soc/i_croc/i_core_wrap/i_ibex/irq_software_i
  i_croc_soc/i_croc/i_dm_top/i_dm_top/hartinfo_i_0_
  i_croc_soc/i_croc/i_dm_top/i_dm_top/hartinfo_i_10_
  i_croc_soc/i_croc/i_dm_top/i_dm_top/hartinfo_i_11_
  i_croc_soc/i_croc/i_dm_top/i_dm_top/hartinfo_i_12_
  i_croc_soc/i_croc/i_dm_top/i_dm_top/hartinfo_i_13_
  i_croc_soc/i_croc/i_dm_top/i_dm_top/hartinfo_i_14_
  i_croc_soc/i_croc/i_dm_top/i_dm_top/hartinfo_i_15_
  i_croc_soc/i_croc/i_dm_top/i_dm_top/hartinfo_i_16_
  i_croc_soc/i_croc/i_dm_top/i_dm_top/hartinfo_i_17_
  i_croc_soc/i_croc/i_dm_top/i_dm_top/hartinfo_i_18_
  i_croc_soc/i_croc/i_dm_top/i_dm_top/hartinfo_i_19_
  i_croc_soc/i_croc/i_dm_top/i_dm_top/hartinfo_i_1_
  i_croc_soc/i_croc/i_dm_top/i_dm_top/hartinfo_i_20_
  i_croc_soc/i_croc/i_dm_top/i_dm_top/hartinfo_i_21_
  i_croc_soc/i_croc/i_dm_top/i_dm_top/hartinfo_i_22_
  i_croc_soc/i_croc/i_dm_top/i_dm_top/hartinfo_i_23_
  i_croc_soc/i_croc/i_dm_top/i_dm_top/hartinfo_i_24_
  i_croc_soc/i_croc/i_dm_top/i_dm_top/hartinfo_i_25_
  i_croc_soc/i_croc/i_dm_top/i_dm_top/hartinfo_i_26_
  i_croc_soc/i_croc/i_dm_top/i_dm_top/hartinfo_i_27_
  i_croc_soc/i_croc/i_dm_top/i_dm_top/hartinfo_i_28_
  i_croc_soc/i_croc/i_dm_top/i_dm_top/hartinfo_i_29_
  i_croc_soc/i_croc/i_dm_top/i_dm_top/hartinfo_i_2_
  i_croc_soc/i_croc/i_dm_top/i_dm_top/hartinfo_i_30_
  i_croc_soc/i_croc/i_dm_top/i_dm_top/hartinfo_i_31_
  i_croc_soc/i_croc/i_dm_top/i_dm_top/hartinfo_i_3_
  i_croc_soc/i_croc/i_dm_top/i_dm_top/hartinfo_i_4_
  i_croc_soc/i_croc/i_dm_top/i_dm_top/hartinfo_i_5_
  i_croc_soc/i_croc/i_dm_top/i_dm_top/hartinfo_i_6_
  i_croc_soc/i_croc/i_dm_top/i_dm_top/hartinfo_i_7_
  i_croc_soc/i_croc/i_dm_top/i_dm_top/hartinfo_i_8_
  i_croc_soc/i_croc/i_dm_top/i_dm_top/hartinfo_i_9_
  i_croc_soc/i_croc/i_dm_top/i_dm_top/master_r_other_err_i
  i_croc_soc/i_croc/i_dm_top/i_dm_top/next_dm_addr_i_0_
  i_croc_soc/i_croc/i_dm_top/i_dm_top/next_dm_addr_i_10_
  i_croc_soc/i_croc/i_dm_top/i_dm_top/next_dm_addr_i_11_
  i_croc_soc/i_croc/i_dm_top/i_dm_top/next_dm_addr_i_12_
  i_croc_soc/i_croc/i_dm_top/i_dm_top/next_dm_addr_i_13_
  i_croc_soc/i_croc/i_dm_top/i_dm_top/next_dm_addr_i_14_
  i_croc_soc/i_croc/i_dm_top/i_dm_top/next_dm_addr_i_15_
  i_croc_soc/i_croc/i_dm_top/i_dm_top/next_dm_addr_i_16_
  i_croc_soc/i_croc/i_dm_top/i_dm_top/next_dm_addr_i_17_
  i_croc_soc/i_croc/i_dm_top/i_dm_top/next_dm_addr_i_18_
  i_croc_soc/i_croc/i_dm_top/i_dm_top/next_dm_addr_i_19_
  i_croc_soc/i_croc/i_dm_top/i_dm_top/next_dm_addr_i_1_
  i_croc_soc/i_croc/i_dm_top/i_dm_top/next_dm_addr_i_20_
  i_croc_soc/i_croc/i_dm_top/i_dm_top/next_dm_addr_i_21_
  i_croc_soc/i_croc/i_dm_top/i_dm_top/next_dm_addr_i_22_
  i_croc_soc/i_croc/i_dm_top/i_dm_top/next_dm_addr_i_23_
  i_croc_soc/i_croc/i_dm_top/i_dm_top/next_dm_addr_i_24_
  i_croc_soc/i_croc/i_dm_top/i_dm_top/next_dm_addr_i_25_
  i_croc_soc/i_croc/i_dm_top/i_dm_top/next_dm_addr_i_26_
  i_croc_soc/i_croc/i_dm_top/i_dm_top/next_dm_addr_i_27_
  i_croc_soc/i_croc/i_dm_top/i_dm_top/next_dm_addr_i_28_
  i_croc_soc/i_croc/i_dm_top/i_dm_top/next_dm_addr_i_29_
  i_croc_soc/i_croc/i_dm_top/i_dm_top/next_dm_addr_i_2_
  i_croc_soc/i_croc/i_dm_top/i_dm_top/next_dm_addr_i_30_
  i_croc_soc/i_croc/i_dm_top/i_dm_top/next_dm_addr_i_31_
  i_croc_soc/i_croc/i_dm_top/i_dm_top/next_dm_addr_i_3_
  i_croc_soc/i_croc/i_dm_top/i_dm_top/next_dm_addr_i_4_
  i_croc_soc/i_croc/i_dm_top/i_dm_top/next_dm_addr_i_5_
  i_croc_soc/i_croc/i_dm_top/i_dm_top/next_dm_addr_i_6_
  i_croc_soc/i_croc/i_dm_top/i_dm_top/next_dm_addr_i_7_
  i_croc_soc/i_croc/i_dm_top/i_dm_top/next_dm_addr_i_8_
  i_croc_soc/i_croc/i_dm_top/i_dm_top/next_dm_addr_i_9_
  i_croc_soc/i_croc/i_dm_top/i_dm_top/unavailable_i
  i_croc_soc/i_croc/i_gpio/i_reg_file/id_q_reg/D
  i_croc_soc/i_croc/i_soc_ctrl_translate/r_id_o[0]_reg/D
  i_croc_soc/i_croc/i_timer/event_hi_i
  i_croc_soc/i_croc/i_timer/event_lo_i
  i_croc_soc/i_croc/i_timer/id_i_0_
  i_croc_soc/i_croc/i_timer/id_i_3_
  i_croc_soc/i_croc/i_timer/id_i_4_
  i_croc_soc/i_croc/i_uart/i_apb_uart/UART_IS_CTS/iD_0__reg/D
  i_croc_soc/i_croc/i_uart/i_apb_uart/UART_IS_DCD/iD_0__reg/D
  i_croc_soc/i_croc/i_uart/i_apb_uart/UART_IS_DSR/iD_0__reg/D
  i_croc_soc/i_croc/i_uart/i_apb_uart/UART_IS_RI/iD_0__reg/D
  i_croc_soc/i_croc/i_uart_translate/r_id_o[0]_reg/D
  i_croc_soc/i_croc/i_uart_translate/r_opc_o_reg/D
  i_croc_soc/i_croc/i_uart_translate/r_rdata_o[10]_reg/D
  i_croc_soc/i_croc/i_uart_translate/r_rdata_o[11]_reg/D
  i_croc_soc/i_croc/i_uart_translate/r_rdata_o[12]_reg/D
  i_croc_soc/i_croc/i_uart_translate/r_rdata_o[13]_reg/D
  i_croc_soc/i_croc/i_uart_translate/r_rdata_o[14]_reg/D
  i_croc_soc/i_croc/i_uart_translate/r_rdata_o[15]_reg/D
  i_croc_soc/i_croc/i_uart_translate/r_rdata_o[16]_reg/D
  i_croc_soc/i_croc/i_uart_translate/r_rdata_o[17]_reg/D
  i_croc_soc/i_croc/i_uart_translate/r_rdata_o[18]_reg/D
  i_croc_soc/i_croc/i_uart_translate/r_rdata_o[19]_reg/D
  i_croc_soc/i_croc/i_uart_translate/r_rdata_o[20]_reg/D
  i_croc_soc/i_croc/i_uart_translate/r_rdata_o[21]_reg/D
  i_croc_soc/i_croc/i_uart_translate/r_rdata_o[22]_reg/D
  i_croc_soc/i_croc/i_uart_translate/r_rdata_o[23]_reg/D
  i_croc_soc/i_croc/i_uart_translate/r_rdata_o[24]_reg/D
  i_croc_soc/i_croc/i_uart_translate/r_rdata_o[25]_reg/D
  i_croc_soc/i_croc/i_uart_translate/r_rdata_o[26]_reg/D
  i_croc_soc/i_croc/i_uart_translate/r_rdata_o[27]_reg/D
  i_croc_soc/i_croc/i_uart_translate/r_rdata_o[28]_reg/D
  i_croc_soc/i_croc/i_uart_translate/r_rdata_o[29]_reg/D
  i_croc_soc/i_croc/i_uart_translate/r_rdata_o[30]_reg/D
  i_croc_soc/i_croc/i_uart_translate/r_rdata_o[31]_reg/D
  i_croc_soc/i_croc/i_uart_translate/r_rdata_o[8]_reg/D
  i_croc_soc/i_croc/i_uart_translate/r_rdata_o[9]_reg/D
  i_croc_soc/i_rstgen/i_rstgen_bypass/synch_regs_q_0__reg/D
max_delay/setup group asynchronous

                                     Required  Actual
Endpoint                               Delay   Delay   Slack
------------------------------------------------------------
i_croc_soc/i_croc/i_uart/i_apb_uart/UART_RXFF/iFIFOMem_11__reg/RESET_B (sg13g2_dfrbp_1)   12.30  101.58  -89.28 (VIOLATED)

max_delay/setup group path delay

                                     Required  Actual
Endpoint                               Delay   Delay   Slack
------------------------------------------------------------
i_croc_soc/i_rstgen/i_rstgen_bypass/i_tc_clk_mux2_rst_n/i_mux/A1 (sg13g2_mux2_1)   12.50    2.63    9.87 (MET)

max_delay/setup group clk_jtg

                                     Required  Actual
Endpoint                               Delay   Delay   Slack
------------------------------------------------------------
jtag_tdo_o (output)                    14.90   13.58    1.32 (MET)

max_delay/setup group clk_sys

                                     Required  Actual
Endpoint                               Delay   Delay   Slack
------------------------------------------------------------
i_croc_soc/i_croc/i_core_wrap/i_ibex/rst_ni (cve2_core)   10.35   66.88  -56.53 (VIOLATED)

max_delay/setup group asynchronous

                                     Required  Actual
Endpoint                               Delay   Delay   Slack
------------------------------------------------------------
i_croc_soc/i_croc/i_uart/i_apb_uart/UART_RXFF/iFIFOMem_11__reg/RESET_B (sg13g2_dfrbp_1)   12.30  101.58  -89.28 (VIOLATED)

max_delay/setup group path delay

                                     Required  Actual
Endpoint                               Delay   Delay   Slack
------------------------------------------------------------
i_croc_soc/i_rstgen/i_rstgen_bypass/i_tc_clk_mux2_rst_n/i_mux/A1 (sg13g2_mux2_1)   12.50    2.63    9.87 (MET)

max_delay/setup group clk_jtg

                                     Required  Actual
Endpoint                               Delay   Delay   Slack
------------------------------------------------------------
jtag_tdo_o (output)                    14.90   13.58    1.32 (MET)

max_delay/setup group clk_sys

                                     Required  Actual
Endpoint                               Delay   Delay   Slack
------------------------------------------------------------
i_croc_soc/i_croc/i_core_wrap/i_ibex/rst_ni (cve2_core)   10.35   66.88  -56.53 (VIOLATED)

max_delay/setup group asynchronous

                                     Required  Actual
Endpoint                               Delay   Delay   Slack
------------------------------------------------------------
i_croc_soc/i_croc/i_uart/i_apb_uart/UART_RXFF/iFIFOMem_11__reg/RESET_B (sg13g2_dfrbp_1)   12.30  101.58  -89.28 (VIOLATED)

max_delay/setup group path delay

                                     Required  Actual
Endpoint                               Delay   Delay   Slack
------------------------------------------------------------
i_croc_soc/i_rstgen/i_rstgen_bypass/i_tc_clk_mux2_rst_n/i_mux/A1 (sg13g2_mux2_1)   12.50    2.63    9.87 (MET)

max_delay/setup group clk_jtg

                                     Required  Actual
Endpoint                               Delay   Delay   Slack
------------------------------------------------------------
jtag_tdo_o (output)                    14.90   13.58    1.32 (MET)

max_delay/setup group clk_sys

                                     Required  Actual
Endpoint                               Delay   Delay   Slack
------------------------------------------------------------
i_croc_soc/i_croc/i_core_wrap/i_ibex/rst_ni (cve2_core)   10.35   66.88  -56.53 (VIOLATED)

