  violation type: Short
    srcs: net:VSSIO net:net8864 
    bbox = ( 34.5, 2823.14 ) - ( 47.185, 2823.34 ) on Layer Metal4
  violation type: Short
    srcs: inst:IO_FILL_IO_WEST_14_50 net:net8864 
    bbox = ( 46.94, 2862 ) - ( 47.14, 2865.74 ) on Layer Metal3
  violation type: Short
    srcs: net:VSSIO net:net8864 
    bbox = ( 46.94, 2862 ) - ( 47.14, 2865.74 ) on Layer Metal3
  violation type: Short
    srcs: inst:IO_FILL_IO_WEST_14_0 net:net8864 
    bbox = ( 46.94, 2823.14 ) - ( 47.14, 2865.74 ) on Layer Metal3
  violation type: Short
    srcs: inst:IO_FILL_IO_WEST_14_50 net:net8864 
    bbox = ( 47.9, 2865.5 ) - ( 48.1, 2904.82 ) on Layer Metal4
  violation type: Short
    srcs: inst:IO_FILL_IO_WEST_14_50 net:net8864 
    bbox = ( 46.895, 2865.5 ) - ( 48.1, 2865.7 ) on Layer Metal4
  violation type: Short
    srcs: net:VSSIO net:net8864 
    bbox = ( 47.9, 2865.5 ) - ( 48.1, 2904.82 ) on Layer Metal4
  violation type: Short
    srcs: net:VSSIO net:net8864 
    bbox = ( 46.895, 2865.5 ) - ( 48.1, 2865.7 ) on Layer Metal4
  violation type: Short
    srcs: net:VSSIO net:net8864 
    bbox = ( 47.9, 2904.62 ) - ( 60, 2904.82 ) on Layer Metal4
  violation type: Short
    srcs: inst:IO_FILL_IO_WEST_14_0 net:net8864 
    bbox = ( 47.9, 2865.5 ) - ( 48.1, 2892 ) on Layer Metal4
  violation type: Short
    srcs: inst:IO_FILL_IO_WEST_14_0 net:net8864 
    bbox = ( 46.895, 2865.5 ) - ( 48.1, 2865.7 ) on Layer Metal4
  violation type: Short
    srcs: inst:IO_FILL_IO_WEST_14_0 net:net8864 
    bbox = ( 26.78, 2812 ) - ( 26.98, 2822.92 ) on Layer Metal4
  violation type: Short
    srcs: inst:IO_FILL_IO_WEST_14_0 net:net8864 
    bbox = ( 28.7, 2822.72 ) - ( 28.9, 2823.34 ) on Layer Metal4
  violation type: Short
    srcs: inst:IO_FILL_IO_WEST_14_0 net:net8864 
    bbox = ( 26.78, 2822.72 ) - ( 28.9, 2822.92 ) on Layer Metal4
  violation type: Short
    srcs: inst:IO_FILL_IO_WEST_14_0 net:net8864 
    bbox = ( 28.7, 2823.14 ) - ( 47.14, 2823.34 ) on Layer Metal4
  violation type: Short
    srcs: inst:pad_uart_rx_i net:net8864 
    bbox = ( 26.78, 2805.08 ) - ( 26.98, 2812 ) on Layer Metal4
  violation type: Short
    srcs: inst:IO_FILL_IO_WEST_13_110 net:net8864 
    bbox = ( 26.78, 2805.08 ) - ( 26.98, 2808 ) on Layer Metal4
  violation type: Short
    srcs: inst:IO_FILL_IO_WEST_13_112 net:net8864 
    bbox = ( 26.78, 2805.08 ) - ( 26.98, 2810 ) on Layer Metal4
  violation type: Short
    srcs: net:VSSIO net:net8864 
    bbox = ( 26.78, 2805.08 ) - ( 26.98, 2822.92 ) on Layer Metal4
  violation type: Short
    srcs: net:VSSIO net:net8864 
    bbox = ( 28.7, 2822.72 ) - ( 28.9, 2823.34 ) on Layer Metal4
  violation type: Short
    srcs: net:VSSIO net:net8864 
    bbox = ( 26.78, 2822.72 ) - ( 28.9, 2822.92 ) on Layer Metal4
  violation type: Short
    srcs: net:VSSIO net:net8864 
    bbox = ( 28.7, 2823.14 ) - ( 32.5, 2823.34 ) on Layer Metal4
  violation type: Short
    srcs: inst:IO_FILL_IO_WEST_12_50 net:net8861 
    bbox = ( 79.58, 2527.84 ) - ( 79.78, 2528.5 ) on Layer Metal3
  violation type: Short
    srcs: inst:IO_FILL_IO_WEST_12_100 net:net8861 
    bbox = ( 79.58, 2527.84 ) - ( 79.78, 2528.5 ) on Layer Metal3
  violation type: Short
    srcs: net:VDDIO net:net8861 
    bbox = ( 79.58, 2527.84 ) - ( 79.78, 2528.5 ) on Layer Metal3
  violation type: Short
    srcs: net:VDDIO net:net8861 
    bbox = ( 79.58, 2528.3 ) - ( 91.5, 2528.5 ) on Layer Metal3
  violation type: Short
    srcs: net:VDDIO net:net8861 
    bbox = ( 93.5, 2528.3 ) - ( 119, 2528.5 ) on Layer Metal3
  violation type: Short
    srcs: inst:IO_FILL_IO_WEST_12_50 net:net8861 
    bbox = ( 79.535, 2527.88 ) - ( 80.255, 2528.08 ) on Layer Metal4
  violation type: Short
    srcs: inst:IO_FILL_IO_WEST_12_100 net:net8861 
    bbox = ( 79.535, 2527.88 ) - ( 80.255, 2528.08 ) on Layer Metal4
  violation type: Short
    srcs: net:VDDIO net:net8861 
    bbox = ( 79.535, 2527.88 ) - ( 80.255, 2528.08 ) on Layer Metal4
  violation type: Short
    srcs: inst:IO_FILL_IO_WEST_12_50 net:net8861 
    bbox = ( 79.58, 2527.6 ) - ( 79.78, 2528.12 ) on Layer Metal5
  violation type: Short
    srcs: inst:IO_FILL_IO_WEST_12_100 net:net8861 
    bbox = ( 79.58, 2527.6 ) - ( 79.78, 2528.12 ) on Layer Metal5
  violation type: Short
    srcs: net:VDDIO net:net8861 
    bbox = ( 79.58, 2527.6 ) - ( 79.78, 2528.12 ) on Layer Metal5
  violation type: Short
    srcs: inst:IO_FILL_IO_WEST_14_50 net:net8864 
    bbox = ( 79.1, 2904.62 ) - ( 79.3, 2908.6 ) on Layer Metal4
  violation type: Short
    srcs: inst:IO_FILL_IO_WEST_14_50 net:net8864 
    bbox = ( 47.9, 2904.62 ) - ( 79.3, 2904.82 ) on Layer Metal4
  violation type: Short
    srcs: net:VDDIO net:net8864 
    bbox = ( 79.1, 2904.62 ) - ( 79.3, 2908.6 ) on Layer Metal4
  violation type: Short
    srcs: net:VDDIO net:net8864 
    bbox = ( 66, 2904.62 ) - ( 79.3, 2904.82 ) on Layer Metal4
  violation type: Short
    srcs: net:VDDIO net:net8864 
    bbox = ( 79.1, 2908.4 ) - ( 91.5, 2908.6 ) on Layer Metal4
  violation type: Short
    srcs: net:VDDIO net:net8864 
    bbox = ( 93.5, 2908.4 ) - ( 119, 2908.6 ) on Layer Metal4
  violation type: Short
    srcs: inst:pad_fetch_en_i net:net8861 
    bbox = ( 7.58, 2418.16 ) - ( 7.78, 2424 ) on Layer Metal5
  violation type: Short
    srcs: inst:pad_fetch_en_i net:net8861 
    bbox = ( 3, 2418.16 ) - ( 7.78, 2418.36 ) on Layer Metal5
  violation type: Short
    srcs: inst:IO_FILL_IO_WEST_11_110 net:net8861 
    bbox = ( 7.58, 2418.16 ) - ( 7.78, 2420 ) on Layer Metal5
  violation type: Short
    srcs: inst:IO_FILL_IO_WEST_11_112 net:net8861 
    bbox = ( 7.58, 2418.16 ) - ( 7.78, 2422 ) on Layer Metal5
  violation type: Short
    srcs: inst:IO_FILL_IO_WEST_11_110 net:net8861 
    bbox = ( 3, 2418.16 ) - ( 7.78, 2418.36 ) on Layer Metal5
  violation type: Short
    srcs: net:VSSIO net:net8861 
    bbox = ( 7, 2418.16 ) - ( 7.78, 2418.36 ) on Layer Metal5
  violation type: Short
    srcs: inst:IO_FILL_IO_WEST_11_112 net:net8861 
    bbox = ( 3, 2418.16 ) - ( 7.78, 2418.36 ) on Layer Metal5
  violation type: Short
    srcs: inst:pad_uart_rx_i net:net8864 
    bbox = ( 3, 2805.08 ) - ( 26.98, 2805.28 ) on Layer Metal4
  violation type: Short
    srcs: inst:IO_FILL_IO_WEST_13_110 net:net8864 
    bbox = ( 3, 2805.08 ) - ( 26.98, 2805.28 ) on Layer Metal4
  violation type: Short
    srcs: inst:IO_FILL_IO_WEST_13_112 net:net8864 
    bbox = ( 3, 2805.08 ) - ( 26.98, 2805.28 ) on Layer Metal4
  violation type: Short
    srcs: net:VSSIO net:net8864 
    bbox = ( 7, 2805.08 ) - ( 26.98, 2805.28 ) on Layer Metal4
  violation type: Short
    srcs: inst:IO_FILL_IO_WEST_12_0 net:net8861 
    bbox = ( 7.58, 2424 ) - ( 7.78, 2440.9 ) on Layer Metal5
  violation type: Short
    srcs: inst:IO_FILL_IO_WEST_12_0 net:net8861 
    bbox = ( 7.1, 2440.7 ) - ( 7.3, 2491.32 ) on Layer Metal5
  violation type: Short
    srcs: inst:IO_FILL_IO_WEST_12_0 net:net8861 
    bbox = ( 7.1, 2440.7 ) - ( 7.78, 2440.9 ) on Layer Metal5
  violation type: Short
    srcs: inst:IO_FILL_IO_WEST_12_50 net:net8861 
    bbox = ( 7.1, 2474 ) - ( 7.3, 2491.32 ) on Layer Metal5
  violation type: Short
    srcs: net:VSSIO net:net8861 
    bbox = ( 7.58, 2424 ) - ( 7.78, 2440.9 ) on Layer Metal5
  violation type: Short
    srcs: net:VSSIO net:net8861 
    bbox = ( 7.1, 2440.7 ) - ( 7.3, 2491.32 ) on Layer Metal5
  violation type: Short
    srcs: net:VSSIO net:net8861 
    bbox = ( 7.1, 2440.7 ) - ( 7.78, 2440.9 ) on Layer Metal5
  violation type: Short
    srcs: inst:IO_FILL_IO_WEST_12_50 net:net8861 
    bbox = ( 69.5, 2516.2 ) - ( 69.7, 2527.8 ) on Layer Metal5
  violation type: Short
    srcs: inst:IO_FILL_IO_WEST_12_50 net:net8861 
    bbox = ( 25.34, 2516.2 ) - ( 69.7, 2516.4 ) on Layer Metal5
  violation type: Short
    srcs: inst:IO_FILL_IO_WEST_12_50 net:net8861 
    bbox = ( 69.5, 2527.6 ) - ( 79.78, 2527.8 ) on Layer Metal5
  violation type: Short
    srcs: inst:IO_FILL_IO_WEST_12_100 net:net8861 
    bbox = ( 69.5, 2524 ) - ( 69.7, 2527.8 ) on Layer Metal5
  violation type: Short
    srcs: inst:IO_FILL_IO_WEST_12_100 net:net8861 
    bbox = ( 69.5, 2527.6 ) - ( 79.78, 2527.8 ) on Layer Metal5
  violation type: Short
    srcs: net:VSSIO net:net8861 
    bbox = ( 25.34, 2516.2 ) - ( 32.5, 2516.4 ) on Layer Metal5
  violation type: Short
    srcs: net:VSSIO net:net8861 
    bbox = ( 34.5, 2516.2 ) - ( 60, 2516.4 ) on Layer Metal5
  violation type: Short
    srcs: net:VDDIO net:net8861 
    bbox = ( 69.5, 2516.2 ) - ( 69.7, 2527.8 ) on Layer Metal5
  violation type: Short
    srcs: net:VDDIO net:net8861 
    bbox = ( 66, 2516.2 ) - ( 69.7, 2516.4 ) on Layer Metal5
  violation type: Short
    srcs: net:VDDIO net:net8861 
    bbox = ( 69.5, 2527.6 ) - ( 79.78, 2527.8 ) on Layer Metal5
  violation type: Short
    srcs: inst:IO_FILL_IO_WEST_12_50 net:net8861 
    bbox = ( 126.14, 2527.88 ) - ( 126.34, 2528.5 ) on Layer Metal3
  violation type: Short
    srcs: inst:IO_FILL_IO_WEST_12_50 net:net8861 
    bbox = ( 172.7, 2527.88 ) - ( 172.9, 2530.6 ) on Layer Metal3
  violation type: Short
    srcs: inst:IO_FILL_IO_WEST_12_50 net:net8861 
    bbox = ( 126.14, 2527.88 ) - ( 172.9, 2528.08 ) on Layer Metal3
  violation type: Short
    srcs: inst:IO_FILL_IO_WEST_12_50 net:net8861 
    bbox = ( 79.58, 2528.3 ) - ( 126.34, 2528.5 ) on Layer Metal3
  violation type: Short
    srcs: inst:IO_FILL_IO_WEST_12_50 net:net8861 
    bbox = ( 172.7, 2530.4 ) - ( 178, 2530.6 ) on Layer Metal3
  violation type: Short
    srcs: inst:IO_FILL_IO_WEST_12_100 net:net8861 
    bbox = ( 126.14, 2527.88 ) - ( 126.34, 2528.5 ) on Layer Metal3
  violation type: Short
    srcs: inst:IO_FILL_IO_WEST_12_100 net:net8861 
    bbox = ( 172.7, 2527.88 ) - ( 172.9, 2530.6 ) on Layer Metal3
  violation type: Short
    srcs: inst:IO_FILL_IO_WEST_12_100 net:net8861 
    bbox = ( 126.14, 2527.88 ) - ( 172.9, 2528.08 ) on Layer Metal3
  violation type: Short
    srcs: inst:IO_FILL_IO_WEST_12_100 net:net8861 
    bbox = ( 79.58, 2528.3 ) - ( 126.34, 2528.5 ) on Layer Metal3
  violation type: Short
    srcs: inst:IO_FILL_IO_WEST_12_100 net:net8861 
    bbox = ( 172.7, 2530.4 ) - ( 178, 2530.6 ) on Layer Metal3
  violation type: Short
    srcs: net:VSSIO net:net8861 
    bbox = ( 126.14, 2527.88 ) - ( 126.34, 2528.5 ) on Layer Metal3
  violation type: Short
    srcs: net:VSSIO net:net8861 
    bbox = ( 126.14, 2527.88 ) - ( 134, 2528.08 ) on Layer Metal3
  violation type: Short
    srcs: net:VSSIO net:net8861 
    bbox = ( 126, 2528.3 ) - ( 126.34, 2528.5 ) on Layer Metal3
  violation type: Short
    srcs: net:VSS net:net8861 
    bbox = ( 140, 2527.88 ) - ( 158, 2528.08 ) on Layer Metal3
  violation type: Short
    srcs: net:VDD net:net8861 
    bbox = ( 172.7, 2527.88 ) - ( 172.9, 2530.6 ) on Layer Metal3
  violation type: Short
    srcs: net:VDD net:net8861 
    bbox = ( 160, 2527.88 ) - ( 172.9, 2528.08 ) on Layer Metal3
  violation type: Short
    srcs: net:VDD net:net8861 
    bbox = ( 172.7, 2530.4 ) - ( 178, 2530.6 ) on Layer Metal3
  violation type: Short
    srcs: inst:IO_FILL_IO_WEST_14_50 net:net8864 
    bbox = ( 126.14, 2907.14 ) - ( 126.34, 2908.64 ) on Layer Metal3
  violation type: Short
    srcs: inst:IO_FILL_IO_WEST_14_50 net:net8864 
    bbox = ( 126.14, 2907.14 ) - ( 178, 2907.34 ) on Layer Metal3
  violation type: Short
    srcs: net:VSSIO net:net8864 
    bbox = ( 126.14, 2907.14 ) - ( 126.34, 2908.64 ) on Layer Metal3
  violation type: Short
    srcs: net:VSSIO net:net8864 
    bbox = ( 126.14, 2907.14 ) - ( 134, 2907.34 ) on Layer Metal3
  violation type: Short
    srcs: net:VSS net:net8864 
    bbox = ( 140, 2907.14 ) - ( 158, 2907.34 ) on Layer Metal3
  violation type: Short
    srcs: net:VDD net:net8864 
    bbox = ( 160, 2907.14 ) - ( 178, 2907.34 ) on Layer Metal3
  violation type: Short
    srcs: inst:IO_FILL_IO_WEST_14_50 net:net8864 
    bbox = ( 79.1, 2908.4 ) - ( 126.385, 2908.6 ) on Layer Metal4
  violation type: Short
    srcs: net:VSSIO net:net8864 
    bbox = ( 126, 2908.4 ) - ( 126.385, 2908.6 ) on Layer Metal4
  violation type: Short
    srcs: inst:IO_FILL_IO_WEST_12_0 net:net8861 
    bbox = ( 25.34, 2491.12 ) - ( 25.54, 2504 ) on Layer Metal5
  violation type: Short
    srcs: inst:IO_FILL_IO_WEST_12_0 net:net8861 
    bbox = ( 7.1, 2491.12 ) - ( 25.54, 2491.32 ) on Layer Metal5
  violation type: Short
    srcs: inst:IO_FILL_IO_WEST_12_50 net:net8861 
    bbox = ( 25.34, 2491.12 ) - ( 25.54, 2516.4 ) on Layer Metal5
  violation type: Short
    srcs: inst:IO_FILL_IO_WEST_12_50 net:net8861 
    bbox = ( 7.1, 2491.12 ) - ( 25.54, 2491.32 ) on Layer Metal5
  violation type: Short
    srcs: net:VSSIO net:net8861 
    bbox = ( 25.34, 2491.12 ) - ( 25.54, 2516.4 ) on Layer Metal5
  violation type: Short
    srcs: net:VSSIO net:net8861 
    bbox = ( 7.1, 2491.12 ) - ( 25.54, 2491.32 ) on Layer Metal5
